<?xml version="1.0" encoding="utf-8" standalone="no"?>
<!--This file represents the results of running a test suite-->
<test-results name="C:\Jenkins_GitHub\SharepointTestProjForJenkins\SharepointTestProjForJenkins.Test\bin\Debug\SharepointTestProjForJenkins.Test.dll" total="1" errors="0" failures="1" not-run="0" inconclusive="0" ignored="0" skipped="0" invalid="0" date="2014-07-16" time="11:56:05">
  <environment nunit-version="2.6.3.13283" clr-version="2.0.50727.5477" os-version="Microsoft Windows NT 6.1.7601 Service Pack 1" platform="Win32NT" cwd="C:\Program Files (x86)\NUnit 2.6.3\bin" machine-name="INGSBISARPL2C" user="bisarp" user-domain="CORP" />
  <culture-info current-culture="en-US" current-uiculture="en-US" />
  <test-suite type="Assembly" name="C:\Jenkins_GitHub\SharepointTestProjForJenkins\SharepointTestProjForJenkins.Test\bin\Debug\SharepointTestProjForJenkins.Test.dll" executed="True" result="Failure" success="False" time="0.167" asserts="0">
    <results>
      <test-suite type="Namespace" name="SharepointTestProjForJenkins" executed="True" result="Failure" success="False" time="0.149" asserts="0">
        <results>
          <test-suite type="Namespace" name="Test" executed="True" result="Failure" success="False" time="0.148" asserts="0">
            <results>
              <test-suite type="TestFixture" name="TestClass" executed="True" result="Failure" success="False" time="0.147" asserts="0">
                <results>
                  <test-suite type="ParameterizedTest" name="AddTest" executed="True" result="Failure" success="False" time="0.136" asserts="0">
                    <results>
                      <test-case name="SharepointTestProjForJenkins.Test.TestClass.AddTest()" executed="True" result="Failure" success="False" time="0.113" asserts="1">
                        <failure>
                          <message><![CDATA[  Expected: 30
  But was:  40
]]></message>
                          <stack-trace><![CDATA[at SharepointTestProjForJenkins.Test.TestClass.AddTest() in C:\Jenkins_GitHub\SharepointTestProjForJenkins\SharepointTestProjForJenkins.Test\Class1.cs:line 18
]]></stack-trace>
                        </failure>
                      </test-case>
                    </results>
                  </test-suite>
                </results>
              </test-suite>
            </results>
          </test-suite>
        </results>
      </test-suite>
    </results>
  </test-suite>
</test-results>